WzToolBar::ReCalcBarSize()
WzToolBand::OnSize()
WzToolBand::OnSize()
WzToolBar::NotifyHandler()
WzToolBar::NotifyHandler()
WzToolBar::NotifyHandler()
WzToolBar::NotifyHandler()
WzToolBar::NotifyHandler()
WzToolBar::NotifyHandler()
WzToolBar::NotifyHandler()
WzToolBar::NotifyHandler()
WzToolBar::NotifyHandler()
WzToolBar::NotifyHandler()
WzToolBar::NotifyHandler()
WzToolBar::NotifyHandler()
WzToolBar::NotifyHandler()
WzToolBar::NotifyHandler()
WzToolBar::NotifyHandler()
WzToolBar::NotifyHandler()
WzToolBar::NotifyHandler()
WzToolBar::NotifyHandler()
WzToolBar::NotifyHandler()
WzToolBar::NotifyHandler()
WzToolBar::NotifyHandler()
WzToolBar::NotifyHandler()
WzToolBar::NotifyHandler()
WzToolBar::NotifyHandler()
WzToolBar::NotifyHandler()
WzToolBar::NotifyHandler()
WzToolBar::NotifyHandler()
WzToolBar::NotifyHandler()
Action: Add (and replace) files Include subfolders: no Save full path: no
Searching ...
Adding SETUP-DEFAULTS.CMD
Adding SETUP-DEFAULTS.CMD
Adding 001-Part.bat
Adding 001-Part.bat
Adding 002-PartBOM.bat
Adding 002-PartBOM.bat
Adding 003a-Document.bat
Adding 003a-Document.bat
Adding 003b-Drawings.bat
Adding 003b-Drawings.bat
Adding 003c-Specification.bat
Adding 003c-Specification.bat
Adding 003d-PartsList.bat
Adding 003d-PartsList.bat
Adding 004-DocumentFile.bat
Adding 004-DocumentFile.bat
Adding 004d-PartsListFile.bat
Adding 004d-PartsListFile.bat
Adding 005d-PartPartsList.bat
Adding 005d-PartPartsList.bat
Adding 005-PartDocument.bat
Adding 005-PartDocument.bat
Adding 006-Manufacturer.bat
Adding 006-Manufacturer.bat
Adding Document.xml
Adding Document.xml
Adding DocumentFile.xml
Adding DocumentFile.xml
Adding Drawing.xml
Adding Drawing.xml
Adding Manufacturer.xml
Adding Manufacturer.xml
Adding Part.xml
Adding Part.xml
Adding PartBOM.xml
Adding PartBOM.xml
Adding PartDocument.xml
Adding PartDocument.xml
Adding PartPartsList.xml
Adding PartPartsList.xml
Adding PartsList.xml
Adding PartsList.xml
Adding PartsListFile.xml
Adding PartsListFile.xml
copying Zip file
WzToolBar::NotifyHandler()
WzToolBar::NotifyHandler()
WzToolBar::NotifyHandler()
WzToolBar::NotifyHandler()
WzToolBar::NotifyHandler()
WzToolBar::NotifyHandler()
WzToolBar::NotifyHandler()
WzToolBar::NotifyHandler()
WzToolBar::NotifyHandler()
WzToolBar::NotifyHandler()
WzToolBar::NotifyHandler()
WzToolBar::NotifyHandler()
WzToolBar::NotifyHandler()
WzToolBar::NotifyHandler()
WzToolBar::NotifyHandler()
WzToolBar::NotifyHandler()
WzToolBar::NotifyHandler()
WzToolBar::NotifyHandler()
WzToolBar::NotifyHandler()
WzToolBar::NotifyHandler()
WzToolBar::SaveSettings()
WzToolBar::ReCalcBarSize()
WzToolBand::OnSize()
cl:
"C:\Aras\Training\Innovator 8.2 Training.zip" 
WzToolBar::NotifyHandler()
WzToolBand::OnSize()
WzToolBar::NotifyHandler()
WzToolBar::NotifyHandler()
WzToolBar::NotifyHandler()
WzToolBar::NotifyHandler()
WzToolBar::NotifyHandler()
WzToolBar::NotifyHandler()
WzToolBar::NotifyHandler()
WzToolBar::NotifyHandler()
WzToolBar::NotifyHandler()
WzToolBar::NotifyHandler()
WzToolBar::NotifyHandler()
WzToolBar::NotifyHandler()
WzToolBar::NotifyHandler()
WzToolBar::NotifyHandler()
WzToolBar::NotifyHandler()
WzToolBar::NotifyHandler()
WzToolBar::NotifyHandler()
WzToolBar::NotifyHandler()
WzToolBar::SaveSettings()
WzToolBar::ReCalcBarSize()
WzToolBand::OnSize()
cl:
"C:\Documents and Settings\Administrator\Desktop\Meeting.zip" 
WzToolBar::NotifyHandler()
WzToolBand::OnSize()
WzToolBar::NotifyHandler()
WzToolBar::NotifyHandler()
WzToolBar::NotifyHandler()
WzToolBar::NotifyHandler()
WzToolBar::NotifyHandler()
WzToolBar::NotifyHandler()
WzToolBar::NotifyHandler()
WzToolBar::NotifyHandler()
WzToolBar::NotifyHandler()
WzToolBar::NotifyHandler()
WzToolBar::NotifyHandler()
WzToolBar::NotifyHandler()
WzToolBar::NotifyHandler()
WzToolBar::NotifyHandler()
WzToolBar::NotifyHandler()
WzToolBar::NotifyHandler()
WzToolBar::NotifyHandler()
WzToolBar::NotifyHandler()
WzToolBar::NotifyHandler()
WzToolBar::NotifyHandler()
WzToolBar::NotifyHandler()
WzToolBar::NotifyHandler()
WzToolBar::NotifyHandler()
WzToolBar::NotifyHandler()
WzToolBar::NotifyHandler()
WzToolBar::NotifyHandler()
WzToolBar::NotifyHandler()
WzToolBar::NotifyHandler()
WzToolBar::NotifyHandler()
Extracting to "C:\Packages\Meeting.811\"
Use Path: yes   Overlay Files: no
WzToolBar::NotifyHandler()
WzToolBar::NotifyHandler()
WzToolBar::NotifyHandler()
WzToolBar::NotifyHandler()
WzToolBar::NotifyHandler()
WzToolBar::NotifyHandler()
WzToolBar::NotifyHandler()
WzToolBar::NotifyHandler()
WzToolBar::NotifyHandler()
WzToolBar::SaveSettings()
WzToolBar::ReCalcBarSize()
WzToolBand::OnSize()
cl:
"C:\Documents and Settings\Administrator\Desktop\Demo82-DB-03.05.2008.zip" 
WzToolBar::NotifyHandler()
WzToolBand::OnSize()
Action: Add (and replace) files Include subfolders: no Save full path: no
Searching ...
Adding Demo82-DB-03.05.2008.bak
Adding Demo82-DB-03.05.2008.bak
WzToolBand::OnSize()
WzToolBar::NotifyHandler()
copying Zip file
WzToolBar::ReCalcBarSize()
WzToolBand::OnSize()
WzToolBand::OnSize()
WzToolBar::NotifyHandler()
WzToolBar::NotifyHandler()
WzToolBar::NotifyHandler()
WzToolBar::NotifyHandler()
WzToolBar::NotifyHandler()
WzToolBar::NotifyHandler()
WzToolBar::NotifyHandler()
WzToolBar::NotifyHandler()
WzToolBar::NotifyHandler()
WzToolBar::NotifyHandler()
WzToolBar::NotifyHandler()
WzToolBar::NotifyHandler()
WzToolBar::NotifyHandler()
WzToolBar::NotifyHandler()
WzToolBar::NotifyHandler()
WzToolBar::NotifyHandler()
WzToolBar::NotifyHandler()
WzToolBar::NotifyHandler()
WzToolBar::NotifyHandler()
WzToolBar::NotifyHandler()
WzToolBar::NotifyHandler()
WzToolBar::NotifyHandler()
WzToolBar::NotifyHandler()
WzToolBar::NotifyHandler()
WzToolBar::NotifyHandler()
WzToolBar::NotifyHandler()
Action: Add (and replace) files Include subfolders: no Save full path: no
Searching ...
Adding FixDB.sql
Adding FixDB.sql
Adding FixDB.bat
Adding FixDB.bat
copying Zip file
WzToolBar::NotifyHandler()
WzToolBar::NotifyHandler()
WzToolBar::NotifyHandler()
WzToolBar::NotifyHandler()
WzToolBar::NotifyHandler()
WzToolBar::NotifyHandler()
WzToolBar::NotifyHandler()
WzToolBar::NotifyHandler()
WzToolBar::NotifyHandler()
WzToolBar::NotifyHandler()
WzToolBar::NotifyHandler()
WzToolBar::NotifyHandler()
WzToolBar::NotifyHandler()
WzToolBar::NotifyHandler()
WzToolBar::NotifyHandler()
WzToolBar::NotifyHandler()
WzToolBar::NotifyHandler()
WzToolBar::SaveSettings()
WzToolBar::ReCalcBarSize()
WzToolBand::OnSize()
cl:
"C:\Documents and Settings\Administrator\Desktop\swdemo\P2I Demo.zip" 
WzToolBar::NotifyHandler()
WzToolBand::OnSize()
WzToolBar::NotifyHandler()
WzToolBar::NotifyHandler()
WzToolBar::NotifyHandler()
WzToolBar::NotifyHandler()
WzToolBar::NotifyHandler()
WzToolBar::NotifyHandler()
WzToolBar::NotifyHandler()
WzToolBar::NotifyHandler()
WzToolBar::NotifyHandler()
WzToolBar::NotifyHandler()
WzToolBar::NotifyHandler()
WzToolBar::NotifyHandler()
WzToolBar::NotifyHandler()
WzToolBar::NotifyHandler()
WzToolBar::NotifyHandler()
WzToolBar::NotifyHandler()
WzToolBar::NotifyHandler()
WzToolBar::NotifyHandler()
WzToolBar::NotifyHandler()
WzToolBar::NotifyHandler()
WzToolBar::NotifyHandler()
WzToolBar::NotifyHandler()
Extracting to "C:\Documents and Settings\Administrator\Desktop\swdemo\"
Use Path: yes   Overlay Files: no
WzToolBar::NotifyHandler()
WzToolBar::NotifyHandler()
WzToolBar::NotifyHandler()
WzToolBar::NotifyHandler()
WzToolBar::NotifyHandler()
WzToolBar::NotifyHandler()
WzToolBar::NotifyHandler()
WzToolBar::NotifyHandler()
WzToolBar::NotifyHandler()
WzToolBar::SaveSettings()
WzToolBar::ReCalcBarSize()
WzToolBand::OnSize()
cl:
"\\vicecity\d$\FTP Folders\Partners\Design2Enterprise\Engine Assy.zip" 
WzToolBar::NotifyHandler()
WzToolBand::OnSize()
WzToolBar::NotifyHandler()
WzToolBar::NotifyHandler()
WzToolBar::NotifyHandler()
WzToolBar::NotifyHandler()
WzToolBar::NotifyHandler()
WzToolBar::NotifyHandler()
WzToolBar::NotifyHandler()
WzToolBar::NotifyHandler()
WzToolBar::NotifyHandler()
WzToolBar::NotifyHandler()
WzToolBar::NotifyHandler()
WzToolBar::NotifyHandler()
WzToolBar::NotifyHandler()
WzToolBar::NotifyHandler()
WzToolBar::NotifyHandler()
WzToolBar::NotifyHandler()
WzToolBar::NotifyHandler()
WzToolBar::NotifyHandler()
WzToolBar::NotifyHandler()
WzToolBar::NotifyHandler()
Extracting to "C:\Documents and Settings\Administrator\Desktop\swdemo\"
Use Path: yes   Overlay Files: no
WzToolBar::NotifyHandler()
WzToolBar::NotifyHandler()
WzToolBar::NotifyHandler()
WzToolBar::NotifyHandler()
WzToolBar::NotifyHandler()
WzToolBar::NotifyHandler()
WzToolBar::NotifyHandler()
WzToolBar::NotifyHandler()
WzToolBar::NotifyHandler()
WzToolBar::SaveSettings()
WzToolBar::ReCalcBarSize()
WzToolBand::OnSize()
cl:
"\\vicecity\d$\FTP Folders\Partners\Design2Enterprise\P2I Demo.zip" 
WzToolBar::NotifyHandler()
WzToolBand::OnSize()
WzToolBar::NotifyHandler()
WzToolBar::NotifyHandler()
WzToolBar::NotifyHandler()
WzToolBar::NotifyHandler()
WzToolBar::NotifyHandler()
WzToolBar::NotifyHandler()
WzToolBar::NotifyHandler()
WzToolBar::NotifyHandler()
WzToolBar::NotifyHandler()
Extracting to "C:\DOCUME~1\ADMINI~1\LOCALS~1\Temp\"
Use Path: no   Overlay Files: yes
WzToolBar::NotifyHandler()
WzToolBar::NotifyHandler()
WzToolBar::NotifyHandler()
WzToolBar::NotifyHandler()
WzToolBar::NotifyHandler()
WzToolBar::NotifyHandler()
WzToolBar::NotifyHandler()
WzToolBar::NotifyHandler()
WzToolBar::NotifyHandler()
WzToolBar::NotifyHandler()
WzToolBar::NotifyHandler()
WzToolBar::NotifyHandler()
WzToolBar::NotifyHandler()
WzToolBar::NotifyHandler()
WzToolBar::NotifyHandler()
WzToolBar::NotifyHandler()
WzToolBar::NotifyHandler()
WzToolBar::NotifyHandler()
WzToolBar::NotifyHandler()
WzToolBar::SaveSettings()
WzToolBar::ReCalcBarSize()
WzToolBand::OnSize()
WzToolBand::OnSize()
WzToolBar::NotifyHandler()
WzToolBar::NotifyHandler()
WzToolBar::NotifyHandler()
WzToolBar::NotifyHandler()
WzToolBar::NotifyHandler()
WzToolBar::NotifyHandler()
WzToolBar::NotifyHandler()
WzToolBar::NotifyHandler()
WzToolBar::NotifyHandler()
WzToolBar::NotifyHandler()
WzToolBar::NotifyHandler()
WzToolBar::NotifyHandler()
WzToolBar::NotifyHandler()
WzToolBar::NotifyHandler()
WzToolBar::NotifyHandler()
WzToolBar::NotifyHandler()
WzToolBar::NotifyHandler()
WzToolBar::NotifyHandler()
WzToolBar::NotifyHandler()
WzToolBar::NotifyHandler()
WzToolBar::NotifyHandler()
WzToolBar::NotifyHandler()
WzToolBar::NotifyHandler()
WzToolBar::NotifyHandler()
WzToolBar::NotifyHandler()
WzToolBar::NotifyHandler()
WzToolBar::NotifyHandler()
WzToolBar::NotifyHandler()
Action: Add (and replace) files Include subfolders: no Save full path: no
Searching ...
Adding FixDB.bat
Adding FixDB.bat
Adding FixDB.sql
Adding FixDB.sql
copying Zip file
WzToolBar::NotifyHandler()
WzToolBar::NotifyHandler()
WzToolBar::NotifyHandler()
WzToolBar::NotifyHandler()
WzToolBar::NotifyHandler()
WzToolBar::NotifyHandler()
WzToolBar::NotifyHandler()
WzToolBar::NotifyHandler()
WzToolBar::NotifyHandler()
WzToolBar::NotifyHandler()
WzToolBar::NotifyHandler()
WzToolBar::NotifyHandler()
WzToolBar::NotifyHandler()
WzToolBar::NotifyHandler()
WzToolBar::NotifyHandler()
WzToolBar::NotifyHandler()
WzToolBar::NotifyHandler()
WzToolBar::NotifyHandler()
WzToolBar::NotifyHandler()
WzToolBar::NotifyHandler()
WzToolBar::NotifyHandler()
WzToolBar::SaveSettings()
WzToolBar::ReCalcBarSize()
WzToolBand::OnSize()
cl:
"C:\Documents and Settings\Administrator\Desktop\BusinessCards.zip" 
WzToolBar::NotifyHandler()
WzToolBand::OnSize()
WzToolBar::NotifyHandler()
WzToolBar::NotifyHandler()
WzToolBar::NotifyHandler()
WzToolBar::NotifyHandler()
WzToolBar::NotifyHandler()
WzToolBar::NotifyHandler()
WzToolBar::NotifyHandler()
WzToolBar::NotifyHandler()
WzToolBar::NotifyHandler()
WzToolBar::NotifyHandler()
WzToolBar::NotifyHandler()
WzToolBar::NotifyHandler()
WzToolBar::NotifyHandler()
WzToolBar::NotifyHandler()
WzToolBar::NotifyHandler()
WzToolBar::NotifyHandler()
WzToolBar::NotifyHandler()
WzToolBar::NotifyHandler()
WzToolBar::NotifyHandler()
WzToolBar::NotifyHandler()
WzToolBar::NotifyHandler()
WzToolBar::NotifyHandler()
WzToolBar::NotifyHandler()
WzToolBar::NotifyHandler()
WzToolBar::NotifyHandler()
WzToolBar::NotifyHandler()
WzToolBar::NotifyHandler()
WzToolBar::NotifyHandler()
WzToolBar::NotifyHandler()
WzToolBar::NotifyHandler()
WzToolBar::NotifyHandler()
WzToolBar::NotifyHandler()
WzToolBar::NotifyHandler()
WzToolBar::NotifyHandler()
WzToolBar::NotifyHandler()
WzToolBar::NotifyHandler()
WzToolBar::NotifyHandler()
Extracting to "C:\Documents and Settings\Administrator\Desktop\"
Use Path: yes   Overlay Files: no
WzToolBar::NotifyHandler()
WzToolBar::NotifyHandler()
WzToolBar::NotifyHandler()
WzToolBar::NotifyHandler()
WzToolBar::NotifyHandler()
WzToolBar::NotifyHandler()
WzToolBar::NotifyHandler()
WzToolBar::NotifyHandler()
WzToolBar::NotifyHandler()
WzToolBar::SaveSettings()
WzToolBar::ReCalcBarSize()
WzToolBand::OnSize()
cl:
"\\vicecity\d$\FTP Folders\Partners\Design2Enterprise\P2I Demo.zip" 
WzToolBar::NotifyHandler()
WzToolBand::OnSize()
WzToolBar::NotifyHandler()
WzToolBar::NotifyHandler()
WzToolBar::NotifyHandler()
WzToolBar::NotifyHandler()
WzToolBar::NotifyHandler()
WzToolBar::NotifyHandler()
WzToolBar::NotifyHandler()
WzToolBar::NotifyHandler()
WzToolBar::NotifyHandler()
WzToolBar::NotifyHandler()
WzToolBar::NotifyHandler()
WzToolBar::NotifyHandler()
WzToolBar::NotifyHandler()
WzToolBar::NotifyHandler()
WzToolBar::NotifyHandler()
WzToolBar::NotifyHandler()
WzToolBar::NotifyHandler()
WzToolBar::NotifyHandler()
WzToolBar::NotifyHandler()
WzToolBar::NotifyHandler()
WzToolBar::NotifyHandler()
WzToolBar::NotifyHandler()
WzToolBar::NotifyHandler()
WzToolBar::NotifyHandler()
WzToolBar::NotifyHandler()
WzToolBar::NotifyHandler()
WzToolBar::NotifyHandler()
WzToolBar::NotifyHandler()
Extracting to "C:\Documents and Settings\Administrator\Desktop\swdemo\"
Use Path: yes   Overlay Files: no
WzToolBar::NotifyHandler()
WzToolBar::NotifyHandler()
WzToolBar::NotifyHandler()
WzToolBar::NotifyHandler()
WzToolBar::NotifyHandler()
WzToolBar::NotifyHandler()
WzToolBar::NotifyHandler()
WzToolBar::NotifyHandler()
WzToolBar::NotifyHandler()
WzToolBar::NotifyHandler()
WzToolBar::NotifyHandler()
WzToolBar::NotifyHandler()
WzToolBar::NotifyHandler()
WzToolBar::NotifyHandler()
WzToolBar::NotifyHandler()
WzToolBar::NotifyHandler()
WzToolBar::NotifyHandler()
WzToolBar::NotifyHandler()
WzToolBar::NotifyHandler()
WzToolBar::NotifyHandler()
WzToolBar::NotifyHandler()
WzToolBar::NotifyHandler()
WzToolBar::NotifyHandler()
WzToolBar::NotifyHandler()
WzToolBar::NotifyHandler()
WzToolBar::NotifyHandler()
WzToolBar::NotifyHandler()
WzToolBar::NotifyHandler()
WzToolBar::NotifyHandler()
WzToolBar::SaveSettings()
WzToolBar::ReCalcBarSize()
WzToolBand::OnSize()
cl:
"C:\Public\Demo82-DB-03.05.2008.zip" 
WzToolBar::NotifyHandler()
WzToolBand::OnSize()
WzToolBar::NotifyHandler()
WzToolBar::NotifyHandler()
WzToolBar::NotifyHandler()
WzToolBar::NotifyHandler()
WzToolBar::NotifyHandler()
WzToolBar::NotifyHandler()
WzToolBar::NotifyHandler()
WzToolBar::NotifyHandler()
WzToolBar::NotifyHandler()
WzToolBar::NotifyHandler()
WzToolBar::NotifyHandler()
WzToolBar::NotifyHandler()
WzToolBar::NotifyHandler()
WzToolBar::NotifyHandler()
WzToolBar::NotifyHandler()
WzToolBar::NotifyHandler()
WzToolBar::NotifyHandler()
WzToolBar::NotifyHandler()
WzToolBar::NotifyHandler()
WzToolBar::NotifyHandler()
WzToolBar::NotifyHandler()
WzToolBar::NotifyHandler()
WzToolBar::NotifyHandler()
WzToolBar::NotifyHandler()
Extracting to "C:\Innovator\Innovator820\"
Use Path: yes   Overlay Files: no
WzToolBar::NotifyHandler()
WzToolBar::NotifyHandler()
WzToolBar::NotifyHandler()
WzToolBar::NotifyHandler()
WzToolBar::NotifyHandler()
WzToolBar::NotifyHandler()
WzToolBar::NotifyHandler()
WzToolBar::NotifyHandler()
WzToolBar::NotifyHandler()
WzToolBar::NotifyHandler()
WzToolBar::NotifyHandler()
WzToolBar::NotifyHandler()
WzToolBar::NotifyHandler()
WzToolBar::NotifyHandler()
WzToolBar::NotifyHandler()
WzToolBar::NotifyHandler()
WzToolBar::NotifyHandler()
WzToolBar::NotifyHandler()
WzToolBar::NotifyHandler()
WzToolBar::NotifyHandler()
WzToolBar::NotifyHandler()
WzToolBar::NotifyHandler()
WzToolBar::NotifyHandler()
WzToolBar::NotifyHandler()
WzToolBar::NotifyHandler()
WzToolBar::NotifyHandler()
WzToolBar::NotifyHandler()
WzToolBar::NotifyHandler()
WzToolBar::NotifyHandler()
WzToolBar::NotifyHandler()
WzToolBar::NotifyHandler()
WzToolBar::NotifyHandler()
WzToolBar::NotifyHandler()
WzToolBar::NotifyHandler()
WzToolBar::NotifyHandler()
WzToolBar::NotifyHandler()
WzToolBar::NotifyHandler()
WzToolBar::NotifyHandler()
WzToolBar::NotifyHandler()
WzToolBar::NotifyHandler()
Extracting to "C:\Innovator\Vault\"
Use Path: yes   Overlay Files: no
WzToolBar::NotifyHandler()
WzToolBar::NotifyHandler()
WzToolBar::NotifyHandler()
WzToolBar::NotifyHandler()
WzToolBar::NotifyHandler()
WzToolBar::NotifyHandler()
WzToolBar::NotifyHandler()
WzToolBar::NotifyHandler()
WzToolBar::NotifyHandler()
WzToolBar::SaveSettings()
